c:\users\rick_\downloads\oop_assiginment_23\oop assiginment 23\oop assiginment\debug\vc141.pdb
c:\users\rick_\downloads\oop_assiginment_23\oop assiginment 23\oop assiginment\debug\vc141.idb
c:\users\rick_\downloads\oop_assiginment_23\oop assiginment 23\oop assiginment\debug\armour.obj
c:\users\rick_\downloads\oop_assiginment_23\oop assiginment 23\oop assiginment\debug\blackwitch.obj
c:\users\rick_\downloads\oop_assiginment_23\oop assiginment 23\oop assiginment\debug\brawler.obj
c:\users\rick_\downloads\oop_assiginment_23\oop assiginment 23\oop assiginment\debug\cleric.obj
c:\users\rick_\downloads\oop_assiginment_23\oop assiginment 23\oop assiginment\debug\gamecharacter.obj
c:\users\rick_\downloads\oop_assiginment_23\oop assiginment 23\oop assiginment\debug\orc.obj
c:\users\rick_\downloads\oop_assiginment_23\oop assiginment 23\oop assiginment\debug\source.obj
c:\users\rick_\downloads\oop_assiginment_23\oop assiginment 23\oop assiginment\debug\weapon.obj
c:\users\rick_\downloads\oop_assiginment_23\oop assiginment 23\oop assiginment\debug\item.obj
c:\users\rick_\downloads\oop_assiginment_23\oop assiginment 23\debug\oop assiginment.exe
c:\users\rick_\downloads\oop_assiginment_23\oop assiginment 23\debug\oop assiginment.ilk
c:\users\rick_\downloads\oop_assiginment_23\oop assiginment 23\debug\oop assiginment.pdb
c:\users\rick_\downloads\oop_assiginment_23\oop assiginment 23\oop assiginment\debug\oop assiginment.tlog\cl.command.1.tlog
c:\users\rick_\downloads\oop_assiginment_23\oop assiginment 23\oop assiginment\debug\oop assiginment.tlog\cl.read.1.tlog
c:\users\rick_\downloads\oop_assiginment_23\oop assiginment 23\oop assiginment\debug\oop assiginment.tlog\cl.write.1.tlog
c:\users\rick_\downloads\oop_assiginment_23\oop assiginment 23\oop assiginment\debug\oop assiginment.tlog\link.command.1.tlog
c:\users\rick_\downloads\oop_assiginment_23\oop assiginment 23\oop assiginment\debug\oop assiginment.tlog\link.read.1.tlog
c:\users\rick_\downloads\oop_assiginment_23\oop assiginment 23\oop assiginment\debug\oop assiginment.tlog\link.write.1.tlog
