c:\users\rick_\downloads\oop-assignment.-most-recent\final verion, finished tonight\oop assiginment 23 update\oop assiginment\x64\debug\vc141.pdb
c:\users\rick_\downloads\oop-assignment.-most-recent\final verion, finished tonight\oop assiginment 23 update\oop assiginment\x64\debug\vc141.idb
c:\users\rick_\downloads\oop-assignment.-most-recent\final verion, finished tonight\oop assiginment 23 update\oop assiginment\x64\debug\armour.obj
c:\users\rick_\downloads\oop-assignment.-most-recent\final verion, finished tonight\oop assiginment 23 update\oop assiginment\x64\debug\blackwitch.obj
c:\users\rick_\downloads\oop-assignment.-most-recent\final verion, finished tonight\oop assiginment 23 update\oop assiginment\x64\debug\brawler.obj
c:\users\rick_\downloads\oop-assignment.-most-recent\final verion, finished tonight\oop assiginment 23 update\oop assiginment\x64\debug\cleric.obj
c:\users\rick_\downloads\oop-assignment.-most-recent\final verion, finished tonight\oop assiginment 23 update\oop assiginment\x64\debug\gamecharacter.obj
c:\users\rick_\downloads\oop-assignment.-most-recent\final verion, finished tonight\oop assiginment 23 update\oop assiginment\x64\debug\orc.obj
c:\users\rick_\downloads\oop-assignment.-most-recent\final verion, finished tonight\oop assiginment 23 update\oop assiginment\x64\debug\source.obj
c:\users\rick_\downloads\oop-assignment.-most-recent\final verion, finished tonight\oop assiginment 23 update\oop assiginment\x64\debug\weapon.obj
c:\users\rick_\downloads\oop-assignment.-most-recent\final verion, finished tonight\oop assiginment 23 update\oop assiginment\x64\debug\item.obj
c:\users\rick_\downloads\oop-assignment.-most-recent\final verion, finished tonight\oop assiginment 23 update\x64\debug\oop assiginment.ilk
c:\users\rick_\downloads\oop-assignment.-most-recent\final verion, finished tonight\oop assiginment 23 update\x64\debug\oop assiginment.exe
c:\users\rick_\downloads\oop-assignment.-most-recent\final verion, finished tonight\oop assiginment 23 update\x64\debug\oop assiginment.pdb
c:\users\rick_\downloads\oop-assignment.-most-recent\final verion, finished tonight\oop assiginment 23 update\x64\debug\oop assiginment.lib
c:\users\rick_\downloads\oop-assignment.-most-recent\final verion, finished tonight\oop assiginment 23 update\x64\debug\oop assiginment.exp
c:\users\rick_\downloads\oop-assignment.-most-recent\final verion, finished tonight\oop assiginment 23 update\oop assiginment\x64\debug\oop assiginment.tlog\cl.command.1.tlog
c:\users\rick_\downloads\oop-assignment.-most-recent\final verion, finished tonight\oop assiginment 23 update\oop assiginment\x64\debug\oop assiginment.tlog\cl.read.1.tlog
c:\users\rick_\downloads\oop-assignment.-most-recent\final verion, finished tonight\oop assiginment 23 update\oop assiginment\x64\debug\oop assiginment.tlog\cl.write.1.tlog
c:\users\rick_\downloads\oop-assignment.-most-recent\final verion, finished tonight\oop assiginment 23 update\oop assiginment\x64\debug\oop assiginment.tlog\link.command.1.tlog
c:\users\rick_\downloads\oop-assignment.-most-recent\final verion, finished tonight\oop assiginment 23 update\oop assiginment\x64\debug\oop assiginment.tlog\link.read.1.tlog
c:\users\rick_\downloads\oop-assignment.-most-recent\final verion, finished tonight\oop assiginment 23 update\oop assiginment\x64\debug\oop assiginment.tlog\link.write.1.tlog
c:\users\rick_\downloads\oop-assignment.-most-recent\final verion, finished tonight\oop assiginment 23 update\oop assiginment\x64\debug\oop assiginment.tlog\oop assiginment.write.1u.tlog
